<?xml version="1.0" encoding="UTF-8" ?>
<testsuite tests="3" failures="0" name="cucumber.Options.TestRunner" time="8.585" errors="0" skipped="0">
  <properties>
[...]
</properties>
  <testcase classname="Validating Place API&apos;s" name="Verify if Place is being Successfully added using AddPlaceAPI #1" time="4.774"/>
  <testcase classname="Validating Place API&apos;s" name="Verify if Place is being Successfully added using AddPlaceAPI #2" time="1.898"/>
  <testcase classname="Validating Place API&apos;s" name="Verify if Delete Place functionality is working" time="1.913"/>
</testsuite>